<?xml version="1.0" encoding="UTF-8"?>
<testsuite xmlns:xsi="http://www.w3.org/2001/XMLSchema-instance" xsi:noNamespaceSchemaLocation="https://maven.apache.org/surefire/maven-surefire-plugin/xsd/surefire-test-report.xsd" name="io.tddlearning.MathUtilsTest" time="0.23" tests="6" errors="0" skipped="3" failures="0">
  <properties>
[...]
</properties>
  <testcase name="testAdd" classname="io.tddlearning.MathUtilsTest" time="0.068"/>
  <testcase name="testSubtract" classname="io.tddlearning.MathUtilsTest" time="0">
    <skipped message="Assumption failed: assumption is not true" type="org.opentest4j.TestAbortedException">org.opentest4j.TestAbortedException: Assumption failed: assumption is not true
	at io.tddlearning.MathUtilsTest.testSubtract(MathUtilsTest.java:64)
</skipped>
    <system-out><![CDATA[Cleaning UP
]]></system-out>
  </testcase>
  <testcase name="testDivide" classname="io.tddlearning.MathUtilsTest" time="0">
    <skipped message="void io.tddlearning.MathUtilsTest.testDivide() is @Disabled"/>
  </testcase>
  <testcase name="testMultiply" classname="io.tddlearning.MathUtilsTest" time="0">
    <skipped message="void io.tddlearning.MathUtilsTest.testMultiply() is @Disabled"/>
  </testcase>
  <testcase name="testComputeCircleRadius[1]" classname="io.tddlearning.MathUtilsTest" time="0.009"/>
  <testcase name="testComputeCircleRadius[2]" classname="io.tddlearning.MathUtilsTest" time="0.002"/>
</testsuite>